INFO [2019-02-27 16:24:10] $x
INFO [2019-02-27 16:24:10] list(`depleted in rice (vs. Col-0)` = RiceCp35_b3Col_E, `depleted in wheat` = WheatD35L1_b3Col_E, 
INFO [2019-02-27 16:24:10]     `depleted in triterpene mutants ` = All3T_E)
INFO [2019-02-27 16:24:10] 
INFO [2019-02-27 16:24:10] $filename
INFO [2019-02-27 16:24:10] NULL
INFO [2019-02-27 16:24:10] 
INFO [2019-02-27 16:24:10] $col
INFO [2019-02-27 16:24:10] [1] "transparent"
INFO [2019-02-27 16:24:10] 
INFO [2019-02-27 16:24:10] $fill
INFO [2019-02-27 16:24:10] color_v
INFO [2019-02-27 16:24:10] 
INFO [2019-02-27 16:24:10] $alpha
INFO [2019-02-27 16:24:10] [1] 0.5
INFO [2019-02-27 16:24:10] 
INFO [2019-02-27 16:24:10] $label.col
INFO [2019-02-27 16:24:10] c("black")
INFO [2019-02-27 16:24:10] 
INFO [2019-02-27 16:24:10] $cex
INFO [2019-02-27 16:24:10] [1] 1
INFO [2019-02-27 16:24:10] 
INFO [2019-02-27 16:24:10] $fontfamily
INFO [2019-02-27 16:24:10] [1] "Helvetica"
INFO [2019-02-27 16:24:10] 
INFO [2019-02-27 16:24:10] $cat.default.pos
INFO [2019-02-27 16:24:10] [1] "outer"
INFO [2019-02-27 16:24:10] 
INFO [2019-02-27 16:24:10] $cat.pos
INFO [2019-02-27 16:24:10] [1] 0
INFO [2019-02-27 16:24:10] 
INFO [2019-02-27 16:24:10] $margin
INFO [2019-02-27 16:24:10] [1] 0.1
INFO [2019-02-27 16:24:10] 
INFO [2019-02-27 16:24:10] $cat.col
INFO [2019-02-27 16:24:10] color_v
INFO [2019-02-27 16:24:10] 
INFO [2019-02-27 16:24:10] $cat.cex
INFO [2019-02-27 16:24:10] [1] 1
INFO [2019-02-27 16:24:10] 
INFO [2019-02-27 16:24:10] $cat.fontfamily
INFO [2019-02-27 16:24:10] [1] "Helvetica"
INFO [2019-02-27 16:24:10] 
