INFO [2019-02-27 16:28:23] $x
INFO [2019-02-27 16:28:23] list(`depleted in rice (vs. Col-0)` = RiceCp35_b3Col_D, `depleted in wheat` = WheatD35L1_b3Col_D, 
INFO [2019-02-27 16:28:23]     `depleted in triterpene mutants ` = All3T_D)
INFO [2019-02-27 16:28:23] 
INFO [2019-02-27 16:28:23] $filename
INFO [2019-02-27 16:28:23] NULL
INFO [2019-02-27 16:28:23] 
INFO [2019-02-27 16:28:23] $col
INFO [2019-02-27 16:28:23] [1] "transparent"
INFO [2019-02-27 16:28:23] 
INFO [2019-02-27 16:28:23] $fill
INFO [2019-02-27 16:28:23] color_v
INFO [2019-02-27 16:28:23] 
INFO [2019-02-27 16:28:23] $alpha
INFO [2019-02-27 16:28:23] [1] 0.5
INFO [2019-02-27 16:28:23] 
INFO [2019-02-27 16:28:23] $label.col
INFO [2019-02-27 16:28:23] c("black")
INFO [2019-02-27 16:28:23] 
INFO [2019-02-27 16:28:23] $cex
INFO [2019-02-27 16:28:23] [1] 1
INFO [2019-02-27 16:28:23] 
INFO [2019-02-27 16:28:23] $fontfamily
INFO [2019-02-27 16:28:23] [1] "Helvetica"
INFO [2019-02-27 16:28:23] 
INFO [2019-02-27 16:28:23] $cat.default.pos
INFO [2019-02-27 16:28:23] [1] "outer"
INFO [2019-02-27 16:28:23] 
INFO [2019-02-27 16:28:23] $cat.pos
INFO [2019-02-27 16:28:23] [1] 0
INFO [2019-02-27 16:28:23] 
INFO [2019-02-27 16:28:23] $margin
INFO [2019-02-27 16:28:23] [1] 0.1
INFO [2019-02-27 16:28:23] 
INFO [2019-02-27 16:28:23] $cat.col
INFO [2019-02-27 16:28:23] color_v
INFO [2019-02-27 16:28:23] 
INFO [2019-02-27 16:28:23] $cat.cex
INFO [2019-02-27 16:28:23] [1] 1
INFO [2019-02-27 16:28:23] 
INFO [2019-02-27 16:28:23] $cat.fontfamily
INFO [2019-02-27 16:28:23] [1] "Helvetica"
INFO [2019-02-27 16:28:23] 
