INFO [2019-02-27 16:16:47] $x
INFO [2019-02-27 16:16:47] list(`depleted in rice (vs. Col-0)` = RiceCp35_b3Col_D, `depleted in wheat` = WheatD35L1_b3Col_D, 
INFO [2019-02-27 16:16:47]     `depleted in triterpene mutants ` = All3T_D)
INFO [2019-02-27 16:16:47] 
INFO [2019-02-27 16:16:47] $filename
INFO [2019-02-27 16:16:47] NULL
INFO [2019-02-27 16:16:47] 
INFO [2019-02-27 16:16:47] $col
INFO [2019-02-27 16:16:47] [1] "transparent"
INFO [2019-02-27 16:16:47] 
INFO [2019-02-27 16:16:47] $fill
INFO [2019-02-27 16:16:47] color_v
INFO [2019-02-27 16:16:47] 
INFO [2019-02-27 16:16:47] $alpha
INFO [2019-02-27 16:16:47] [1] 0.5
INFO [2019-02-27 16:16:47] 
INFO [2019-02-27 16:16:47] $label.col
INFO [2019-02-27 16:16:47] c("black")
INFO [2019-02-27 16:16:47] 
INFO [2019-02-27 16:16:47] $cex
INFO [2019-02-27 16:16:47] [1] 1
INFO [2019-02-27 16:16:47] 
INFO [2019-02-27 16:16:47] $fontfamily
INFO [2019-02-27 16:16:47] [1] "Helvetica"
INFO [2019-02-27 16:16:47] 
INFO [2019-02-27 16:16:47] $cat.default.pos
INFO [2019-02-27 16:16:47] [1] "outer"
INFO [2019-02-27 16:16:47] 
INFO [2019-02-27 16:16:47] $cat.pos
INFO [2019-02-27 16:16:47] [1] 0
INFO [2019-02-27 16:16:47] 
INFO [2019-02-27 16:16:47] $margin
INFO [2019-02-27 16:16:47] [1] 0.1
INFO [2019-02-27 16:16:47] 
INFO [2019-02-27 16:16:47] $cat.col
INFO [2019-02-27 16:16:47] color_v
INFO [2019-02-27 16:16:47] 
INFO [2019-02-27 16:16:47] $cat.cex
INFO [2019-02-27 16:16:47] [1] 1
INFO [2019-02-27 16:16:47] 
INFO [2019-02-27 16:16:47] $cat.fontfamily
INFO [2019-02-27 16:16:47] [1] "Helvetica"
INFO [2019-02-27 16:16:47] 
